# JRE version: Java(TM) SE Runtime Environment (8.0_191-b12) (build 1.8.0_191-b12)
# Java VM: Java HotSpot(TM) 64-Bit Server VM (25.191-b12 mixed mode linux-amd64 compressed oops)
Heap:
 PSYoungGen      total 136192K, used 7634K [0x00000000d6b00000, 0x00000000df900000, 0x0000000100000000)
  eden space 126976K, 0% used [0x00000000d6b00000,0x00000000d6b00000,0x00000000de700000)
  from space 9216K, 82% used [0x00000000de700000,0x00000000dee74920,0x00000000df000000)
  to   space 8704K, 0% used [0x00000000df080000,0x00000000df080000,0x00000000df900000)
 ParOldGen       total 45056K, used 6060K [0x0000000084000000, 0x0000000086c00000, 0x00000000d6b00000)
  object space 45056K, 13% used [0x0000000084000000,0x00000000845eb2c0,0x0000000086c00000)
 Metaspace       used 22611K, capacity 23467K, committed 23552K, reserved 1069056K
  class space    used 3062K, capacity 3281K, committed 3328K, reserved 1048576K
GC Heap History (10 events):
Event: 3.074 GC heap after
Heap after GC invocations=3 (full 0):
 PSYoungGen      total 36864K, used 4944K [0x00000000d6b00000, 0x00000000db300000, 0x0000000100000000)
  eden space 31744K, 0% used [0x00000000d6b00000,0x00000000d6b00000,0x00000000d8a00000)
  from space 5120K, 96% used [0x00000000d8a00000,0x00000000d8ed40d0,0x00000000d8f00000)
  to   space 5120K, 0% used [0x00000000dae00000,0x00000000dae00000,0x00000000db300000)
 ParOldGen       total 84992K, used 32K [0x0000000084000000, 0x0000000089300000, 0x00000000d6b00000)
  object space 84992K, 0% used [0x0000000084000000,0x0000000084008000,0x0000000089300000)
 Metaspace       used 12134K, capacity 12426K, committed 12672K, reserved 1060864K
  class space    used 1472K, capacity 1560K, committed 1664K, reserved 1048576K
}
Event: 3.602 GC heap before
{Heap before GC invocations=4 (full 0):
 PSYoungGen      total 36864K, used 36688K [0x00000000d6b00000, 0x00000000db300000, 0x0000000100000000)
  eden space 31744K, 100% used [0x00000000d6b00000,0x00000000d8a00000,0x00000000d8a00000)
  from space 5120K, 96% used [0x00000000d8a00000,0x00000000d8ed40d0,0x00000000d8f00000)
  to   space 5120K, 0% used [0x00000000dae00000,0x00000000dae00000,0x00000000db300000)
 ParOldGen       total 84992K, used 32K [0x0000000084000000, 0x0000000089300000, 0x00000000d6b00000)
  object space 84992K, 0% used [0x0000000084000000,0x0000000084008000,0x0000000089300000)
 Metaspace       used 14392K, capacity 14852K, committed 15232K, reserved 1062912K
  class space    used 1915K, capacity 2066K, committed 2176K, reserved 1048576K
Event: 3.615 GC heap after
Heap after GC invocations=4 (full 0):
 PSYoungGen      total 68608K, used 5112K [0x00000000d6b00000, 0x00000000db300000, 0x0000000100000000)
  eden space 63488K, 0% used [0x00000000d6b00000,0x00000000d6b00000,0x00000000da900000)
  from space 5120K, 99% used [0x00000000dae00000,0x00000000db2fe3e0,0x00000000db300000)
  to   space 5120K, 0% used [0x00000000da900000,0x00000000da900000,0x00000000dae00000)
 ParOldGen       total 84992K, used 373K [0x0000000084000000, 0x0000000089300000, 0x00000000d6b00000)
  object space 84992K, 0% used [0x0000000084000000,0x000000008405d688,0x0000000089300000)
 Metaspace       used 14392K, capacity 14852K, committed 15232K, reserved 1062912K
  class space    used 1915K, capacity 2066K, committed 2176K, reserved 1048576K
}
Event: 4.571 GC heap before
{Heap before GC invocations=5 (full 0):
 PSYoungGen      total 68608K, used 68600K [0x00000000d6b00000, 0x00000000db300000, 0x0000000100000000)
  eden space 63488K, 100% used [0x00000000d6b00000,0x00000000da900000,0x00000000da900000)
  from space 5120K, 99% used [0x00000000dae00000,0x00000000db2fe3e0,0x00000000db300000)
  to   space 5120K, 0% used [0x00000000da900000,0x00000000da900000,0x00000000dae00000)
 ParOldGen       total 84992K, used 373K [0x0000000084000000, 0x0000000089300000, 0x00000000d6b00000)
  object space 84992K, 0% used [0x0000000084000000,0x000000008405d688,0x0000000089300000)
 Metaspace       used 20038K, capacity 20778K, committed 20864K, reserved 1067008K
  class space    used 2706K, capacity 2903K, committed 2944K, reserved 1048576K
Event: 4.596 GC heap after
Heap after GC invocations=5 (full 0):
 PSYoungGen      total 68608K, used 5104K [0x00000000d6b00000, 0x00000000dfa00000, 0x0000000100000000)
  eden space 63488K, 0% used [0x00000000d6b00000,0x00000000d6b00000,0x00000000da900000)
  from space 5120K, 99% used [0x00000000da900000,0x00000000dadfc030,0x00000000dae00000)
  to   space 9728K, 0% used [0x00000000df080000,0x00000000df080000,0x00000000dfa00000)
 ParOldGen       total 84992K, used 4910K [0x0000000084000000, 0x0000000089300000, 0x00000000d6b00000)
  object space 84992K, 5% used [0x0000000084000000,0x00000000844cba28,0x0000000089300000)
 Metaspace       used 20038K, capacity 20778K, committed 20864K, reserved 1067008K
  class space    used 2706K, capacity 2903K, committed 2944K, reserved 1048576K
}
Event: 4.693 GC heap before
{Heap before GC invocations=6 (full 0):
 PSYoungGen      total 68608K, used 12101K [0x00000000d6b00000, 0x00000000dfa00000, 0x0000000100000000)
  eden space 63488K, 11% used [0x00000000d6b00000,0x00000000d71d5620,0x00000000da900000)
  from space 5120K, 99% used [0x00000000da900000,0x00000000dadfc030,0x00000000dae00000)
  to   space 9728K, 0% used [0x00000000df080000,0x00000000df080000,0x00000000dfa00000)
 ParOldGen       total 84992K, used 4910K [0x0000000084000000, 0x0000000089300000, 0x00000000d6b00000)
  object space 84992K, 5% used [0x0000000084000000,0x00000000844cba28,0x0000000089300000)
 Metaspace       used 20542K, capacity 21233K, committed 21296K, reserved 1067008K
  class space    used 2760K, capacity 2944K, committed 2944K, reserved 1048576K
Event: 4.701 GC heap after
Heap after GC invocations=6 (full 0):
 PSYoungGen      total 135680K, used 5646K [0x00000000d6b00000, 0x00000000df900000, 0x0000000100000000)
  eden space 126976K, 0% used [0x00000000d6b00000,0x00000000d6b00000,0x00000000de700000)
  from space 8704K, 64% used [0x00000000df080000,0x00000000df603a88,0x00000000df900000)
  to   space 9216K, 0% used [0x00000000de700000,0x00000000de700000,0x00000000df000000)
 ParOldGen       total 84992K, used 4918K [0x0000000084000000, 0x0000000089300000, 0x00000000d6b00000)
  object space 84992K, 5% used [0x0000000084000000,0x00000000844cda28,0x0000000089300000)
 Metaspace       used 20542K, capacity 21233K, committed 21296K, reserved 1067008K
  class space    used 2760K, capacity 2944K, committed 2944K, reserved 1048576K
}
Event: 4.701 GC heap before
{Heap before GC invocations=7 (full 1):
 PSYoungGen      total 135680K, used 5646K [0x00000000d6b00000, 0x00000000df900000, 0x0000000100000000)
  eden space 126976K, 0% used [0x00000000d6b00000,0x00000000d6b00000,0x00000000de700000)
  from space 8704K, 64% used [0x00000000df080000,0x00000000df603a88,0x00000000df900000)
  to   space 9216K, 0% used [0x00000000de700000,0x00000000de700000,0x00000000df000000)
 ParOldGen       total 84992K, used 4918K [0x0000000084000000, 0x0000000089300000, 0x00000000d6b00000)
  object space 84992K, 5% used [0x0000000084000000,0x00000000844cda28,0x0000000089300000)
 Metaspace       used 20542K, capacity 21233K, committed 21296K, reserved 1067008K
  class space    used 2760K, capacity 2944K, committed 2944K, reserved 1048576K
Event: 4.742 GC heap after
Heap after GC invocations=7 (full 1):
 PSYoungGen      total 135680K, used 0K [0x00000000d6b00000, 0x00000000df900000, 0x0000000100000000)
  eden space 126976K, 0% used [0x00000000d6b00000,0x00000000d6b00000,0x00000000de700000)
  from space 8704K, 0% used [0x00000000df080000,0x00000000df080000,0x00000000df900000)
  to   space 9216K, 0% used [0x00000000de700000,0x00000000de700000,0x00000000df000000)
 ParOldGen       total 45056K, used 6060K [0x0000000084000000, 0x0000000086c00000, 0x00000000d6b00000)
  object space 45056K, 13% used [0x0000000084000000,0x00000000845eb2c0,0x0000000086c00000)
 Metaspace       used 20542K, capacity 21233K, committed 21296K, reserved 1067008K
  class space    used 2760K, capacity 2944K, committed 2944K, reserved 1048576K
}
Event: 8.854 GC heap before
{Heap before GC invocations=8 (full 1):
 PSYoungGen      total 135680K, used 126976K [0x00000000d6b00000, 0x00000000df900000, 0x0000000100000000)
  eden space 126976K, 100% used [0x00000000d6b00000,0x00000000de700000,0x00000000de700000)
  from space 8704K, 0% used [0x00000000df080000,0x00000000df080000,0x00000000df900000)
  to   space 9216K, 0% used [0x00000000de700000,0x00000000de700000,0x00000000df000000)
 ParOldGen       total 45056K, used 6060K [0x0000000084000000, 0x0000000086c00000, 0x00000000d6b00000)
  object space 45056K, 13% used [0x0000000084000000,0x00000000845eb2c0,0x0000000086c00000)
 Metaspace       used 22611K, capacity 23467K, committed 23552K, reserved 1069056K
  class space    used 3062K, capacity 3281K, committed 3328K, reserved 1048576K

