# JRE version: Java(TM) SE Runtime Environment (8.0_191-b12) (build 1.8.0_191-b12)
# Java VM: Java HotSpot(TM) 64-Bit Server VM (25.191-b12 mixed mode linux-amd64 compressed oops)
Heap:
 PSYoungGen      total 238592K, used 11251K [0x00000000d6b00000, 0x00000000e5f00000, 0x0000000100000000)
  eden space 227328K, 0% used [0x00000000d6b00000,0x00000000d6b00000,0x00000000e4900000)
  from space 11264K, 99% used [0x00000000e4900000,0x00000000e53fcd80,0x00000000e5400000)
  to   space 9728K, 0% used [0x00000000e5500000,0x00000000e5500000,0x00000000e5e80000)
 ParOldGen       total 46592K, used 9412K [0x0000000084000000, 0x0000000086d80000, 0x00000000d6b00000)
  object space 46592K, 20% used [0x0000000084000000,0x0000000084931060,0x0000000086d80000)
 Metaspace       used 33647K, capacity 35378K, committed 35496K, reserved 1079296K
  class space    used 4478K, capacity 4820K, committed 4864K, reserved 1048576K
GC Heap History (10 events):
Event: 2.291 GC heap after
Heap after GC invocations=5 (full 0):
 PSYoungGen      total 68608K, used 5104K [0x00000000d6b00000, 0x00000000dfa00000, 0x0000000100000000)
  eden space 63488K, 0% used [0x00000000d6b00000,0x00000000d6b00000,0x00000000da900000)
  from space 5120K, 99% used [0x00000000da900000,0x00000000dadfc010,0x00000000dae00000)
  to   space 9728K, 0% used [0x00000000df080000,0x00000000df080000,0x00000000dfa00000)
 ParOldGen       total 84992K, used 4980K [0x0000000084000000, 0x0000000089300000, 0x00000000d6b00000)
  object space 84992K, 5% used [0x0000000084000000,0x00000000844dd338,0x0000000089300000)
 Metaspace       used 19963K, capacity 20596K, committed 20864K, reserved 1067008K
  class space    used 2678K, capacity 2858K, committed 2944K, reserved 1048576K
}
Event: 2.430 GC heap before
{Heap before GC invocations=6 (full 0):
 PSYoungGen      total 68608K, used 16624K [0x00000000d6b00000, 0x00000000dfa00000, 0x0000000100000000)
  eden space 63488K, 18% used [0x00000000d6b00000,0x00000000d76400f0,0x00000000da900000)
  from space 5120K, 99% used [0x00000000da900000,0x00000000dadfc010,0x00000000dae00000)
  to   space 9728K, 0% used [0x00000000df080000,0x00000000df080000,0x00000000dfa00000)
 ParOldGen       total 84992K, used 4980K [0x0000000084000000, 0x0000000089300000, 0x00000000d6b00000)
  object space 84992K, 5% used [0x0000000084000000,0x00000000844dd338,0x0000000089300000)
 Metaspace       used 20475K, capacity 21192K, committed 21296K, reserved 1067008K
  class space    used 2747K, capacity 2938K, committed 2944K, reserved 1048576K
Event: 2.441 GC heap after
Heap after GC invocations=6 (full 0):
 PSYoungGen      total 135680K, used 5920K [0x00000000d6b00000, 0x00000000df900000, 0x0000000100000000)
  eden space 126976K, 0% used [0x00000000d6b00000,0x00000000d6b00000,0x00000000de700000)
  from space 8704K, 68% used [0x00000000df080000,0x00000000df6480b8,0x00000000df900000)
  to   space 9216K, 0% used [0x00000000de700000,0x00000000de700000,0x00000000df000000)
 ParOldGen       total 84992K, used 4988K [0x0000000084000000, 0x0000000089300000, 0x00000000d6b00000)
  object space 84992K, 5% used [0x0000000084000000,0x00000000844df338,0x0000000089300000)
 Metaspace       used 20475K, capacity 21192K, committed 21296K, reserved 1067008K
  class space    used 2747K, capacity 2938K, committed 2944K, reserved 1048576K
}
Event: 2.441 GC heap before
{Heap before GC invocations=7 (full 1):
 PSYoungGen      total 135680K, used 5920K [0x00000000d6b00000, 0x00000000df900000, 0x0000000100000000)
  eden space 126976K, 0% used [0x00000000d6b00000,0x00000000d6b00000,0x00000000de700000)
  from space 8704K, 68% used [0x00000000df080000,0x00000000df6480b8,0x00000000df900000)
  to   space 9216K, 0% used [0x00000000de700000,0x00000000de700000,0x00000000df000000)
 ParOldGen       total 84992K, used 4988K [0x0000000084000000, 0x0000000089300000, 0x00000000d6b00000)
  object space 84992K, 5% used [0x0000000084000000,0x00000000844df338,0x0000000089300000)
 Metaspace       used 20475K, capacity 21192K, committed 21296K, reserved 1067008K
  class space    used 2747K, capacity 2938K, committed 2944K, reserved 1048576K
Event: 2.468 GC heap after
Heap after GC invocations=7 (full 1):
 PSYoungGen      total 135680K, used 0K [0x00000000d6b00000, 0x00000000df900000, 0x0000000100000000)
  eden space 126976K, 0% used [0x00000000d6b00000,0x00000000d6b00000,0x00000000de700000)
  from space 8704K, 0% used [0x00000000df080000,0x00000000df080000,0x00000000df900000)
  to   space 9216K, 0% used [0x00000000de700000,0x00000000de700000,0x00000000df000000)
 ParOldGen       total 46592K, used 6332K [0x0000000084000000, 0x0000000086d80000, 0x00000000d6b00000)
  object space 46592K, 13% used [0x0000000084000000,0x000000008462f098,0x0000000086d80000)
 Metaspace       used 20475K, capacity 21192K, committed 21296K, reserved 1067008K
  class space    used 2747K, capacity 2938K, committed 2944K, reserved 1048576K
}
Event: 3.103 GC heap before
{Heap before GC invocations=8 (full 1):
 PSYoungGen      total 135680K, used 126976K [0x00000000d6b00000, 0x00000000df900000, 0x0000000100000000)
  eden space 126976K, 100% used [0x00000000d6b00000,0x00000000de700000,0x00000000de700000)
  from space 8704K, 0% used [0x00000000df080000,0x00000000df080000,0x00000000df900000)
  to   space 9216K, 0% used [0x00000000de700000,0x00000000de700000,0x00000000df000000)
 ParOldGen       total 46592K, used 6332K [0x0000000084000000, 0x0000000086d80000, 0x00000000d6b00000)
  object space 46592K, 13% used [0x0000000084000000,0x000000008462f098,0x0000000086d80000)
 Metaspace       used 22699K, capacity 23670K, committed 23936K, reserved 1069056K
  class space    used 3066K, capacity 3348K, committed 3456K, reserved 1048576K
Event: 3.111 GC heap after
Heap after GC invocations=8 (full 1):
 PSYoungGen      total 136192K, used 7549K [0x00000000d6b00000, 0x00000000e5e80000, 0x0000000100000000)
  eden space 126976K, 0% used [0x00000000d6b00000,0x00000000d6b00000,0x00000000de700000)
  from space 9216K, 81% used [0x00000000de700000,0x00000000dee5f6c8,0x00000000df000000)
  to   space 9728K, 0% used [0x00000000e5500000,0x00000000e5500000,0x00000000e5e80000)
 ParOldGen       total 46592K, used 6340K [0x0000000084000000, 0x0000000086d80000, 0x00000000d6b00000)
  object space 46592K, 13% used [0x0000000084000000,0x0000000084631098,0x0000000086d80000)
 Metaspace       used 22699K, capacity 23670K, committed 23936K, reserved 1069056K
  class space    used 3066K, capacity 3348K, committed 3456K, reserved 1048576K
}
Event: 5.812 GC heap before
{Heap before GC invocations=9 (full 1):
 PSYoungGen      total 136192K, used 134525K [0x00000000d6b00000, 0x00000000e5e80000, 0x0000000100000000)
  eden space 126976K, 100% used [0x00000000d6b00000,0x00000000de700000,0x00000000de700000)
  from space 9216K, 81% used [0x00000000de700000,0x00000000dee5f6c8,0x00000000df000000)
  to   space 9728K, 0% used [0x00000000e5500000,0x00000000e5500000,0x00000000e5e80000)
 ParOldGen       total 46592K, used 6340K [0x0000000084000000, 0x0000000086d80000, 0x00000000d6b00000)
  object space 46592K, 13% used [0x0000000084000000,0x0000000084631098,0x0000000086d80000)
 Metaspace       used 27728K, capacity 29036K, committed 29184K, reserved 1075200K
  class space    used 3767K, capacity 4041K, committed 4096K, reserved 1048576K
Event: 5.904 GC heap after
Heap after GC invocations=9 (full 1):
 PSYoungGen      total 237056K, used 9714K [0x00000000d6b00000, 0x00000000e5f00000, 0x0000000100000000)
  eden space 227328K, 0% used [0x00000000d6b00000,0x00000000d6b00000,0x00000000e4900000)
  from space 9728K, 99% used [0x00000000e5500000,0x00000000e5e7cb88,0x00000000e5e80000)
  to   space 11264K, 0% used [0x00000000e4900000,0x00000000e4900000,0x00000000e5400000)
 ParOldGen       total 46592K, used 7565K [0x0000000084000000, 0x0000000086d80000, 0x00000000d6b00000)
  object space 46592K, 16% used [0x0000000084000000,0x0000000084763448,0x0000000086d80000)
 Metaspace       used 27728K, capacity 29036K, committed 29184K, reserved 1075200K
  class space    used 3767K, capacity 4041K, committed 4096K, reserved 1048576K
}
Event: 22.746 GC heap before
{Heap before GC invocations=10 (full 1):
 PSYoungGen      total 237056K, used 146723K [0x00000000d6b00000, 0x00000000e5f00000, 0x0000000100000000)
  eden space 227328K, 60% used [0x00000000d6b00000,0x00000000df0cc1a0,0x00000000e4900000)
  from space 9728K, 99% used [0x00000000e5500000,0x00000000e5e7cb88,0x00000000e5e80000)
  to   space 11264K, 0% used [0x00000000e4900000,0x00000000e4900000,0x00000000e5400000)
 ParOldGen       total 46592K, used 7565K [0x0000000084000000, 0x0000000086d80000, 0x00000000d6b00000)
  object space 46592K, 16% used [0x0000000084000000,0x0000000084763448,0x0000000086d80000)
 Metaspace       used 33647K, capacity 35378K, committed 35496K, reserved 1079296K
  class space    used 4478K, capacity 4820K, committed 4864K, reserved 1048576K

